<?xml version="1.0" encoding="UTF-8"?>
<coverage generated="1689894199327" clover="3.2.0">
  <project timestamp="1689894199327" name="All files">
    <metrics statements="16" coveredstatements="15" conditionals="6" coveredconditionals="5" methods="3" coveredmethods="3" elements="25" coveredelements="23" complexity="0" loc="16" ncloc="16" packages="1" files="1" classes="1"/>
    <file name="controller.js" path="/home/marina/Desktop/Laboratoria/laboratoria-180/src/controller.js">
      <metrics statements="16" coveredstatements="15" conditionals="6" coveredconditionals="5" methods="3" coveredmethods="3"/>
      <line num="1" count="1" type="stmt"/>
      <line num="2" count="1" type="stmt"/>
      <line num="5" count="1" type="stmt"/>
      <line num="6" count="1" type="stmt"/>
      <line num="10" count="2" type="stmt"/>
      <line num="11" count="2" type="cond" truecount="1" falsecount="1"/>
      <line num="12" count="0" type="stmt"/>
      <line num="14" count="2" type="stmt"/>
      <line num="16" count="2" type="cond" truecount="2" falsecount="0"/>
      <line num="17" count="1" type="stmt"/>
      <line num="28" count="1" type="stmt"/>
      <line num="29" count="1" type="stmt"/>
      <line num="34" count="2" type="stmt"/>
      <line num="35" count="2" type="stmt"/>
      <line num="37" count="2" type="cond" truecount="2" falsecount="0"/>
      <line num="40" count="1" type="stmt"/>
    </file>
  </project>
</coverage>
