{"/home/marina/Desktop/Laboratoria/laboratoria-180/src/controller.js": {"path":"/home/marina/Desktop/Laboratoria/laboratoria-180/src/controller.js","statementMap":{"0":{"start":{"line":1,"column":42},"end":{"line":1,"column":70}},"1":{"start":{"line":2,"column":75},"end":{"line":2,"column":93}},"2":{"start":{"line":5,"column":24},"end":{"line":5,"column":46}},"3":{"start":{"line":6,"column":2},"end":{"line":6,"column":33}},"4":{"start":{"line":10,"column":21},"end":{"line":10,"column":42}},"5":{"start":{"line":11,"column":2},"end":{"line":13,"column":3}},"6":{"start":{"line":12,"column":4},"end":{"line":12,"column":52}},"7":{"start":{"line":14,"column":26},"end":{"line":14,"column":42}},"8":{"start":{"line":16,"column":2},"end":{"line":26,"column":3}},"9":{"start":{"line":17,"column":4},"end":{"line":25,"column":7}},"10":{"start":{"line":28,"column":30},"end":{"line":28,"column":65}},"11":{"start":{"line":29,"column":2},"end":{"line":29,"column":51}},"12":{"start":{"line":34,"column":26},"end":{"line":34,"column":42}},"13":{"start":{"line":35,"column":24},"end":{"line":35,"column":76}},"14":{"start":{"line":37,"column":2},"end":{"line":37,"column":67}},"15":{"start":{"line":40,"column":0},"end":{"line":44,"column":2}}},"fnMap":{"0":{"name":"getAllPolicyholders","decl":{"start":{"line":4,"column":9},"end":{"line":4,"column":28}},"loc":{"start":{"line":4,"column":40},"end":{"line":7,"column":1}},"line":4},"1":{"name":"createPolicyholder","decl":{"start":{"line":9,"column":9},"end":{"line":9,"column":27}},"loc":{"start":{"line":9,"column":38},"end":{"line":30,"column":1}},"line":9},"2":{"name":"getPolicyholderById","decl":{"start":{"line":32,"column":9},"end":{"line":32,"column":28}},"loc":{"start":{"line":32,"column":39},"end":{"line":38,"column":1}},"line":32}},"branchMap":{"0":{"loc":{"start":{"line":11,"column":2},"end":{"line":13,"column":3}},"type":"if","locations":[{"start":{"line":11,"column":2},"end":{"line":13,"column":3}},{"start":{},"end":{}}],"line":11},"1":{"loc":{"start":{"line":16,"column":2},"end":{"line":26,"column":3}},"type":"if","locations":[{"start":{"line":16,"column":2},"end":{"line":26,"column":3}},{"start":{},"end":{}}],"line":16},"2":{"loc":{"start":{"line":37,"column":2},"end":{"line":37,"column":67}},"type":"cond-expr","locations":[{"start":{"line":37,"column":19},"end":{"line":37,"column":41}},{"start":{"line":37,"column":44},"end":{"line":37,"column":67}}],"line":37}},"s":{"0":1,"1":1,"2":1,"3":1,"4":2,"5":2,"6":0,"7":2,"8":2,"9":1,"10":1,"11":1,"12":2,"13":2,"14":2,"15":1},"f":{"0":1,"1":2,"2":2},"b":{"0":[0,2],"1":[1,1],"2":[1,1]},"_coverageSchema":"1a1c01bbd47fc00a2c39e90264f33305004495a9","hash":"3cdf985363a0ba35ef2e3ba853dd836207762711"}
}
